2018-04-13 15:36:06.634 [main] DEBUG com.wang.o2o.dao.ShopDao.queryByShopId - ==>  Preparing: SELECT s.shop_id, s.shop_name, s.shop_desc, s.shop_addr, s.phone, s.shop_img, s.priority, s.create_time, s.last_edit_time, s.enable_status, s.advice, a.area_id, a.area_name, sc.shop_category_id, sc.shop_category_name FROM tb_shop s, tb_area a, tb_shop_category sc WHERE s.area_id=a.area_id AND s.shop_category_id = sc.shop_category_id AND s.shop_id = ? 
2018-04-13 15:36:06.677 [main] DEBUG com.wang.o2o.dao.ShopDao.queryByShopId - ==> Parameters: 1(Long)
2018-04-13 15:36:06.783 [main] DEBUG com.wang.o2o.dao.ShopDao.queryByShopId - <==      Total: 1
2018-04-13 15:41:59.273 [main] DEBUG com.wang.o2o.dao.ShopDao.queryByShopId - ==>  Preparing: SELECT s.shop_id, s.shop_name, s.shop_desc, s.shop_addr, s.phone, s.shop_img, s.priority, s.create_time, s.last_edit_time, s.enable_status, s.advice, a.area_id, a.area_name, sc.shop_category_id, sc.shop_category_name FROM tb_shop s, tb_area a, tb_shop_category sc WHERE s.area_id=a.area_id AND s.shop_category_id = sc.shop_category_id AND s.shop_id = ? 
2018-04-13 15:41:59.336 [main] DEBUG com.wang.o2o.dao.ShopDao.queryByShopId - ==> Parameters: 1(Long)
2018-04-13 15:41:59.437 [main] DEBUG com.wang.o2o.dao.ShopDao.queryByShopId - <==      Total: 1
2018-04-13 15:41:59.491 [main] DEBUG com.wang.o2o.util.ImageUtil - current relativeAddr is :\upload\images\item\shop\1\2018041315415969087.jpg
2018-04-13 15:41:59.492 [main] DEBUG com.wang.o2o.util.ImageUtil - current complete addr is :F:\projectdev\image\upload\images\item\shop\1\2018041315415969087.jpg
2018-04-13 15:41:59.492 [main] DEBUG com.wang.o2o.util.ImageUtil - basePath is :/E:/study_hadoop/o2o/target/test-classes/
2018-04-13 15:42:01.391 [main] DEBUG com.wang.o2o.dao.ShopDao.updateShop - ==>  Preparing: update tb_shop SET shop_name=?, shop_img=?, last_edit_time=? where shop_id=? 
2018-04-13 15:42:01.393 [main] DEBUG com.wang.o2o.dao.ShopDao.updateShop - ==> Parameters: 修改后的店铺名称(String), \upload\images\item\shop\1\2018041315415969087.jpg(String), 2018-04-13 15:42:01.353(Timestamp), 1(Long)
2018-04-13 15:42:01.484 [main] DEBUG com.wang.o2o.dao.ShopDao.updateShop - <==    Updates: 1
2018-04-13 15:42:01.491 [main] DEBUG com.wang.o2o.dao.ShopDao.queryByShopId - ==>  Preparing: SELECT s.shop_id, s.shop_name, s.shop_desc, s.shop_addr, s.phone, s.shop_img, s.priority, s.create_time, s.last_edit_time, s.enable_status, s.advice, a.area_id, a.area_name, sc.shop_category_id, sc.shop_category_name FROM tb_shop s, tb_area a, tb_shop_category sc WHERE s.area_id=a.area_id AND s.shop_category_id = sc.shop_category_id AND s.shop_id = ? 
2018-04-13 15:42:01.492 [main] DEBUG com.wang.o2o.dao.ShopDao.queryByShopId - ==> Parameters: 1(Long)
2018-04-13 15:42:01.541 [main] DEBUG com.wang.o2o.dao.ShopDao.queryByShopId - <==      Total: 1
2018-04-13 16:19:59.838 [main] DEBUG com.wang.o2o.dao.ShopDao.queryShopList - ==>  Preparing: SELECT s.shop_id, s.shop_name, s.shop_desc, s.shop_addr, s.phone, s.shop_img, s.priority, s.create_time, s.last_edit_time, s.enable_status, s.advice, a.area_id, a.area_name, sc.shop_category_id, sc.shop_category_name FROM tb_shop s, tb_area a, tb_shop_category sc WHERE s.shop_category_id in (select shop_category_id from tb_shop_category WHERE parent_id = ?) AND s.area_id=a.area_id AND s.shop_category_id = sc.shop_category_id ORDER BY s.priority DESC LIMIT ?,?; 
2018-04-13 16:19:59.891 [main] DEBUG com.wang.o2o.dao.ShopDao.queryShopList - ==> Parameters: 12(Long), 0(Integer), 6(Integer)
2018-04-13 16:19:59.970 [main] DEBUG com.wang.o2o.dao.ShopDao.queryShopList - <==      Total: 6
2018-04-13 16:19:59.980 [main] DEBUG com.wang.o2o.dao.ShopDao.queryShopCount - ==>  Preparing: SELECT count(1) FROM tb_shop s, tb_area a, tb_shop_category sc WHERE s.shop_category_id in (select shop_category_id from tb_shop_category WHERE parent_id = ?) AND s.area_id=a.area_id AND s.shop_category_id = sc.shop_category_id 
2018-04-13 16:19:59.980 [main] DEBUG com.wang.o2o.dao.ShopDao.queryShopCount - ==> Parameters: 12(Long)
2018-04-13 16:20:00.030 [main] DEBUG com.wang.o2o.dao.ShopDao.queryShopCount - <==      Total: 1
2018-04-13 16:22:32.929 [main] DEBUG com.wang.o2o.dao.ShopDao.queryShopList - ==>  Preparing: SELECT s.shop_id, s.shop_name, s.shop_desc, s.shop_addr, s.phone, s.shop_img, s.priority, s.create_time, s.last_edit_time, s.enable_status, s.advice, a.area_id, a.area_name, sc.shop_category_id, sc.shop_category_name FROM tb_shop s, tb_area a, tb_shop_category sc WHERE s.shop_category_id = ? AND s.area_id=a.area_id AND s.shop_category_id = sc.shop_category_id ORDER BY s.priority DESC LIMIT ?,?; 
2018-04-13 16:22:32.961 [main] DEBUG com.wang.o2o.dao.ShopDao.queryShopList - ==> Parameters: 3(Long), 2(Integer), 2(Integer)
2018-04-13 16:22:33.021 [main] DEBUG com.wang.o2o.dao.ShopDao.queryShopList - <==      Total: 0
2018-04-13 16:22:33.034 [main] DEBUG com.wang.o2o.dao.ShopDao.queryShopCount - ==>  Preparing: SELECT count(1) FROM tb_shop s, tb_area a, tb_shop_category sc WHERE s.shop_category_id = ? AND s.area_id=a.area_id AND s.shop_category_id = sc.shop_category_id 
2018-04-13 16:22:33.034 [main] DEBUG com.wang.o2o.dao.ShopDao.queryShopCount - ==> Parameters: 3(Long)
2018-04-13 16:22:33.089 [main] DEBUG com.wang.o2o.dao.ShopDao.queryShopCount - <==      Total: 1
